<?xml version="1.0" encoding="UTF-8"?>
<testng-results ignored="0" total="1" passed="1" failed="0" skipped="0">
  <reporter-output>
  </reporter-output>
  <suite started-at="2023-04-03T15:07:36 IST" name="Default suite" finished-at="2023-04-03T15:07:51 IST" duration-ms="15069">
    <groups>
    </groups>
    <test started-at="2023-04-03T15:07:36 IST" name="Default test" finished-at="2023-04-03T15:07:51 IST" duration-ms="15069">
      <class name="Drag_And_Drop">
        <test-method is-config="true" signature="base_Config()[pri:0, instance:Drag_And_Drop@6c284af]" started-at="2023-04-03T15:07:36 IST" name="base_Config" finished-at="2023-04-03T15:07:48 IST" duration-ms="11980" status="PASS">
          <reporter-output>
          </reporter-output>
        </test-method> <!-- base_Config -->
        <test-method signature="Dragactivity()[pri:0, instance:Drag_And_Drop@6c284af]" started-at="2023-04-03T15:07:48 IST" name="Dragactivity" finished-at="2023-04-03T15:07:51 IST" duration-ms="3047" status="PASS">
          <reporter-output>
          </reporter-output>
        </test-method> <!-- Dragactivity -->
      </class> <!-- Drag_And_Drop -->
    </test> <!-- Default test -->
  </suite> <!-- Default suite -->
</testng-results>
